#BIND_OUTPUT version: 3.0



#---------------------- SYMMETRY ANALYSIS ----------------------

1 Elements are present. They are:
  1 Identity.
   Equivalent Atoms: 1 -> 1, 2 -> 2, 3 -> 3, 4 -> 4, 5 -> 5, 6 -> 6, 7 -> 7, 8 -> 8, 9 -> 9, 10 -> 10, 11 -> 11, 12 -> 12, 13 -> 13, 14 -> 14, 15 -> 15, 16 -> 16, 

Here are the  Non-Redundant Elements which are present:
Identity.
   Equivalent Atoms: 1 -> 1, 2 -> 2, 3 -> 3, 4 -> 4, 5 -> 5, 6 -> 6, 7 -> 7, 8 -> 8, 9 -> 9, 10 -> 10, 11 -> 11, 12 -> 12, 13 -> 13, 14 -> 14, 15 -> 15, 16 -> 16, 

;-----------------------------------------------------------------
Allocating approximately   117.03 Kbytes (    0.11 Meg).
Each matrix is:     0.00 meg.

; Number of orbitals
#Num_Orbitals: 43
Error value from Diagonalization (0 is good): 0

#	******* Energies (in eV)  and Occupation Numbers *******
1:--->   -32.223  [2.000 Electrons]
2:--->  -29.4783  [2.000 Electrons]
3:--->  -27.0613  [2.000 Electrons]
4:--->  -25.8219  [2.000 Electrons]
5:--->  -23.3047  [2.000 Electrons]
6:--->  -22.2655  [2.000 Electrons]
7:--->  -21.4736  [2.000 Electrons]
8:--->  -19.6081  [2.000 Electrons]
9:--->  -16.7385  [2.000 Electrons]
10:--->  -15.4216  [2.000 Electrons]
11:--->  -15.1817  [2.000 Electrons]
12:--->  -14.9258  [2.000 Electrons]
13:--->  -14.5397  [2.000 Electrons]
14:--->  -14.2081  [2.000 Electrons]
15:--->  -14.0206  [2.000 Electrons]
16:--->  -13.8995  [2.000 Electrons]
17:--->  -13.5921  [2.000 Electrons]
18:--->  -13.5541  [2.000 Electrons]
19:--->  -13.4034  [2.000 Electrons]
20:--->  -13.1407  [2.000 Electrons]
21:--->  -12.9703  [2.000 Electrons]
22:--->  -12.7618  [2.000 Electrons]
23:--->  -12.5907  [2.000 Electrons]
24:--->   -12.204  [1.000 Electrons]
25:--->  -12.0039  [0.000 Electrons]
26:--->  -11.4425  [0.000 Electrons]
27:--->  -10.9062  [0.000 Electrons]
28:--->   -10.805  [0.000 Electrons]
29:--->  -10.4225  [0.000 Electrons]
30:--->   -9.2789  [0.000 Electrons]
31:--->  -8.24749  [0.000 Electrons]
32:--->  -7.65186  [0.000 Electrons]
33:--->  -6.02249  [0.000 Electrons]
34:--->  -5.64304  [0.000 Electrons]
35:--->  -3.85335  [0.000 Electrons]
36:--->  -3.74558  [0.000 Electrons]
37:--->  -2.50924  [0.000 Electrons]
38:--->    2.5263  [0.000 Electrons]
39:--->   14.2597  [0.000 Electrons]
40:--->   24.6412  [0.000 Electrons]
41:--->   71.0744  [0.000 Electrons]
42:--->   219.506  [0.000 Electrons]
43:--->   681.797  [0.000 Electrons]
Total_Energy: -836.574

# Characters of wavefunctions with respect to symmetry operations present.
;              1 
   1:--->  1.000 
   2:--->  1.000 
   3:--->  1.000 
   4:--->  1.000 
   5:--->  1.000 
   6:--->  1.000 
   7:--->  1.000 
   8:--->  1.000 
   9:--->  1.000 
  10:--->  1.000 
  11:--->  1.000 
  12:--->  1.000 
  13:--->  1.000 
  14:--->  1.000 
  15:--->  1.000 
  16:--->  1.000 
  17:--->  1.000 
  18:--->  1.000 
  19:--->  1.000 
  20:--->  1.000 
  21:--->  1.000 
  22:--->  1.000 
  23:--->  1.000 
  24:--->  1.000 
  25:--->  1.000 
  26:--->  1.000 
  27:--->  1.000 
  28:--->  1.000 
  29:--->  1.000 
  30:--->  1.000 
  31:--->  1.000 
  32:--->  1.000 
  33:--->  1.000 
  34:--->  1.000 
  35:--->  1.000 
  36:--->  1.000 
  37:--->  1.000 
  38:--->  1.000 
  39:--->  1.000 
  40:--->  1.000 
  41:--->  1.000 
  42:--->  1.000 
  43:--->  1.000 

;   Reduced Mulliken Overlap Population Matrix for 47.000 electrons:

              1        2        3        4        5        6        7      
  1        3.6157    
  2        0.2554      2.6545    
  3        0.8113      -0.0303     1.5503    
  4        0.5049      0.1689      1.1950      1.7244    
  5        -0.0532     -0.0020     0.6121      0.0107      2.1125    
  6        0.0000      0.0000      -0.0016     -0.0003     0.0619      6.3399    
  7        -0.0004     0.0000      -0.0102     -0.0010     0.2455      0.0451      2.4446    
  8        -0.0001     0.0001      -0.0235     -0.0050     0.3963      -0.0038     0.5148    
  9        0.0000      -0.0001     -0.0019     -0.0002     0.0040      -0.0247     -0.0004   
  10       0.3511      0.1065      -0.0559     -0.0492     -0.0013     -0.0000     0.0000    
  11       -0.0069     0.0085      0.0325      0.0088      0.0186      -0.0003     0.0000    
  12       -0.0002     -0.0000     -0.0000     0.0000      -0.0000     -0.0000     -0.0000   
  13       -0.0002     0.0000      -0.0027     0.0058      -0.0002     -0.0035     -0.0003   
  14       0.0002      -0.0000     -0.0096     -0.0017     -0.0313     0.0006      -0.0466   
  15       0.0000      -0.0000     -0.0029     -0.0002     -0.0054     -0.0115     0.7280    
  16       -0.0000     0.0000      -0.0005     -0.0004     -0.0007     0.4202      -0.0084   

              8        9        10       11       12       13       14     
  8        4.8583    
  9        -0.0000     7.8218    
  10       -0.0002     0.0000      0.5701    
  11       -0.0004     0.0168      -0.0012     1.4007    
  12       -0.0005     -0.0000     0.0004      -0.0000     1.9989    
  13       -0.0000     -0.0000     -0.0000     0.0001      0.0000      1.9273    
  14       0.7567      0.0000      -0.0001     0.0001      0.0002      -0.0000     0.3552    
  15       -0.0796     -0.0003     -0.0000     0.0001      0.0000      -0.0001     -0.0078   
  16       0.0002      -0.0038     -0.0000     -0.0001     -0.0000     0.0248      -0.0000   

              15       16     
  15       0.2911    
  16       -0.0068     0.5278    

;    Net Atomic Charges for 47.000 electrons:
1 N: 0.453211
2 C: 1.091993
3 C: 1.193888
4 C: 1.357526
5 C: 1.260058
6 N: -1.580901
7 C: 0.822316
8 N: -0.635820
9 N: -2.816556
10 H: 0.254746
11 H: -0.439037
12 H: -0.998874
13 H: -0.939203
14 H: 0.314516
15 H: 0.402216
16 H: 0.259920
;      Total Charge is: 0.000000


; 		q-q-q-q-q-q-q-q  Charge Matrix q-q-q-q-q-q-q-q

;   Reduced Charge Matrix Independant of Occupation
      1        2        3        4        5        6        7      
   1  0.3941  0.0203  0.0000  0.0001  0.1758  0.0162  0.1894
   2  0.0405  0.0045  0.0000  0.0000  0.0794  0.0169  0.5066
   3  0.2915  0.0057  -0.0000  0.0001  0.2201  0.0193  0.1299
   4  0.2195  0.0072  0.0001  0.0000  0.1235  0.0135  0.1590
   5  0.0347  0.1143  0.0104  0.0015  0.2350  0.0153  0.0086
   6  0.0006  0.0509  0.6030  0.1309  0.0279  0.1113  0.0003
   7  0.0025  0.1749  0.0237  0.0167  0.0077  0.4140  0.0006
   8  0.0091  0.4924  0.0986  0.0131  0.0641  0.1134  0.0040
   9  0.0001  0.0026  0.1756  0.8087  0.0011  0.0050  0.0000
  10  0.0059  0.0009  0.0000  0.0000  0.0365  0.0049  0.0001
  11  0.0001  0.0000  0.0009  0.0049  0.0038  0.0001  0.0016
  12  0.0000  0.0000  0.0000  0.0000  0.0000  0.0000  0.0000
  13  0.0000  0.0000  0.0000  0.0000  0.0002  0.0001  0.0001
  14  0.0015  0.0832  0.0269  0.0047  0.0197  0.0586  -0.0002
  15  0.0000  0.0407  0.0189  0.0121  0.0037  0.1882  0.0000
  16  0.0000  0.0022  0.0419  0.0072  0.0014  0.0232  0.0000
      8        9        10       11       12       13       14     
   1  0.1039  0.2973  0.0070  0.0828  0.2386  0.1041  0.0571
   2  0.1612  0.0307  0.0070  0.0147  0.1375  0.1567  0.0689
   3  0.1685  0.2216  0.0057  0.0245  0.0795  0.1178  0.0179
   4  0.1584  0.1806  0.0038  0.0541  0.0880  0.0732  0.0151
   5  0.2293  0.1084  0.0305  0.0629  0.0262  0.0722  0.0316
   6  0.0048  0.0165  0.0709  0.2605  0.1173  0.1942  0.1850
   7  0.0482  0.0583  0.1664  0.0759  0.0284  0.0577  0.0696
   8  0.0567  0.0684  0.5316  0.1429  0.0552  0.1447  0.3450
   9  0.0017  0.0009  0.0035  0.0051  0.0105  0.0155  0.1191
  10  0.0630  0.0046  0.0000  0.0552  0.1185  0.0043  0.0053
  11  0.0011  0.0076  0.0007  0.0058  0.0447  0.0095  0.0538
  12  0.0000  0.0000  0.0016  0.0008  0.0013  0.0001  0.0003
  13  0.0002  0.0028  0.0010  0.0517  0.0009  0.0039  0.0115
  14  0.0001  0.0009  0.1322  0.0061  0.0007  0.0025  0.0027
  15  0.0025  -0.0011  0.0110  0.0027  0.0012  0.0073  0.0061
  16  0.0003  0.0025  0.0270  0.1543  0.0516  0.0361  0.0109
      15       16       17       18       19       20       21     
   1  0.0336  0.0052  0.0006  0.0255  0.0022  0.0258  0.2864
   2  0.0071  0.0011  0.0003  0.0079  0.0006  0.0020  0.0935
   3  0.0051  0.0011  0.0000  0.0103  0.0001  0.0045  0.0623
   4  0.0228  0.0079  0.0003  0.0076  0.0013  0.0063  0.1350
   5  0.0061  0.0710  0.0005  0.0095  0.0028  0.0757  0.1022
   6  0.0431  0.4683  0.0031  0.0872  0.0066  0.1778  0.0264
   7  0.0269  0.0004  0.0003  0.0000  0.0028  0.1374  0.0340
   8  0.1170  0.1049  0.0027  0.0184  0.0130  0.1727  0.0628
   9  0.3541  0.3173  0.0015  0.0687  0.9689  0.3812  0.0890
  10  0.0198  0.0030  0.0000  0.0001  0.0003  0.0005  0.0425
  11  0.3020  0.0000  0.0000  0.0096  0.0008  0.0025  0.0041
  12  0.0023  0.0020  0.9775  0.0115  0.0002  0.0002  0.0016
  13  0.0524  0.0160  0.0133  0.7428  0.0001  0.0116  0.0604
  14  0.0014  0.0007  0.0000  0.0000  0.0000  0.0001  -0.0001
  15  0.0041  0.0009  0.0000  -0.0000  0.0004  -0.0021  -0.0001
  16  0.0023  0.0001  0.0000  0.0009  0.0001  0.0036  0.0000
      22       23       24       25       26       27       28     
   1  0.1638  0.0376  0.0115  0.0952  0.2359  0.0235  0.0159
   2  0.0816  0.0299  0.0111  0.4421  0.3324  0.1078  0.3378
   3  0.0077  0.0022  0.0147  0.0300  0.0943  0.0165  0.0303
   4  0.0296  0.0114  0.0063  0.1157  0.2205  0.0890  0.1128
   5  0.0213  0.0034  0.1929  0.0259  0.0081  0.3187  0.0171
   6  0.1337  0.4751  0.1899  0.0260  0.0032  0.1415  0.0739
   7  0.0122  0.0914  0.2775  0.0154  0.0073  0.2122  0.3456
   8  0.0127  0.1171  0.1149  0.0638  0.0016  0.0608  0.0248
   9  0.3373  0.2143  0.0535  0.0398  0.0146  0.0036  0.0016
  10  0.0062  0.0008  0.0006  0.0192  0.0047  0.0076  0.0045
  11  0.1922  0.0176  0.1119  0.1255  0.0696  0.0034  0.0002
  12  0.0000  0.0000  0.0000  0.0000  0.0000  0.0001  0.0000
  13  0.0001  0.0004  0.0005  0.0000  0.0071  0.0003  0.0026
  14  0.0003  0.0000  0.0016  0.0006  0.0000  0.0042  0.0025
  15  -0.0001  -0.0021  0.0089  0.0005  0.0008  0.0101  0.0304
  16  0.0014  0.0009  0.0043  0.0004  0.0000  0.0007  -0.0001
      29       30       31       32       33       34       35     
   1  0.0371  0.0624  0.1654  0.0069  0.3067  0.0428  0.0268
   2  0.1503  0.1104  0.3838  0.0317  0.0514  0.3910  0.1095
   3  0.0581  0.0360  0.0306  0.0013  0.0180  0.2130  0.0071
   4  0.0390  0.0619  0.1382  0.0035  0.0675  0.1120  0.0559
   5  0.4620  0.3314  0.0951  0.0353  0.0229  0.1475  0.4994
   6  0.0224  0.0233  0.0369  0.2834  0.0001  0.0010  0.0013
   7  0.2007  0.2548  0.0387  0.0404  0.0088  0.0427  0.1011
   8  0.0039  0.0825  0.0127  0.0058  0.0040  0.0394  0.1653
   9  0.0034  0.0007  0.0001  0.0007  0.0000  0.0002  0.0000
  10  0.0001  0.0017  0.0471  0.0057  0.5198  0.0001  0.0019
  11  0.0108  0.0057  0.0019  0.0000  0.0000  0.0049  0.0004
  12  0.0000  0.0000  0.0000  0.0000  0.0002  0.0000  0.0000
  13  0.0001  0.0006  0.0022  0.0161  0.0003  0.0001  0.0000
  14  -0.0004  0.0021  0.0006  0.0001  -0.0001  0.0010  0.0164
  15  0.0116  0.0120  0.0011  0.0072  0.0002  0.0014  0.0145
  16  0.0008  0.0146  0.0456  0.5617  0.0000  0.0029  0.0004
      36       37       38       39       40       41       42     
   1  0.0020  0.0251  0.2167  0.0189  0.0013  0.4221  0.0000
   2  0.0262  0.0469  0.0052  0.0115  0.0000  0.0017  0.0000
   3  0.0060  0.3167  0.2006  0.5550  0.0015  0.4418  0.0000
   4  0.0479  0.4148  0.5571  0.0626  0.0009  0.1294  0.0000
   5  0.0499  0.1467  0.0152  0.3370  0.0171  0.0008  0.0000
   6  0.0015  0.0001  0.0000  -0.0002  0.0000  0.0000  -0.0000
   7  0.5464  0.0282  0.0017  0.0014  0.0268  0.0000  0.4004
   8  0.2944  0.0108  0.0018  0.0075  0.3372  0.0005  0.0080
   9  0.0000  0.0001  0.0000  0.0001  0.0000  0.0000  0.0000
  10  0.0022  0.0065  0.0004  0.0022  -0.0000  0.0034  0.0000
  11  0.0000  0.0022  0.0001  0.0000  0.0000  -0.0002  0.0000
  12  0.0000  0.0000  0.0000  0.0000  0.0001  0.0000  0.0000
  13  0.0000  0.0008  0.0000  0.0000  0.0000  0.0000  0.0000
  14  0.0105  0.0003  0.0008  0.0041  0.6131  0.0005  0.0000
  15  0.0130  0.0005  0.0004  -0.0007  0.0020  0.0000  0.5916
  16  -0.0000  0.0002  -0.0000  0.0005  0.0000  0.0000  0.0000
      43     
   1  0.0160
   2  0.0007
   3  0.5328
   4  0.4470
   5  0.0035
   6  0.0000
   7  0.0000
   8  -0.0000
   9  0.0000
  10  0.0000
  11  0.0000
  12  0.0000
  13  0.0000
  14  0.0000
  15  0.0000
  16  0.0000


 Sorting 43 crystal orbitals.


# ******** Extended Hueckel Parameters ********
;  FORMAT  quantum number orbital: Hii, <c1>, exponent1, <c2>, <exponent2>

ATOM: N   Atomic number: 7  # Valence Electrons: 5
	2S:   -26.0000     1.9500
	2P:   -13.4000     1.9500
ATOM: C   Atomic number: 6  # Valence Electrons: 4
	2S:   -21.4000     1.6250
	2P:   -11.4000     1.6250
ATOM: H   Atomic number: 1  # Valence Electrons: 1
	1S:   -13.6000     1.3000

### TOTAL DENSITY OF STATES 
86 states are present.
#BEGIN CURVE
1.000000 -32.222958
1.000000 -29.478271
1.000000 -27.061268
1.000000 -25.821896
1.000000 -23.304735
1.000000 -22.265509
1.000000 -21.473602
1.000000 -19.608059
1.000000 -16.738537
1.000000 -15.421636
1.000000 -15.181652
1.000000 -14.925810
1.000000 -14.539669
1.000000 -14.208100
1.000000 -14.020617
1.000000 -13.899467
1.000000 -13.592138
1.000000 -13.554051
1.000000 -13.403397
1.000000 -13.140681
1.000000 -12.970294
1.000000 -12.761794
1.000000 -12.590666
1.000000 -12.204007
1.000000 -12.003874
1.000000 -11.442480
1.000000 -10.906199
1.000000 -10.805017
1.000000 -10.422523
1.000000 -9.278900
1.000000 -8.247493
1.000000 -7.651856
1.000000 -6.022489
1.000000 -5.643039
1.000000 -3.853349
1.000000 -3.745583
1.000000 -2.509240
1.000000 2.526304
1.000000 14.259748
1.000000 24.641169
1.000000 71.074364
1.000000 219.505829
1.000000 681.796814
#END CURVE
# END OF DOS


;  The Fermi Level was determined for 1 K points based on
;     an ordering of 43 crystal orbitals occupied by 47.000000 electrons
;      in the unit cell (47.000000 electrons total)
#Fermi_Energy:  -12.204007
#Average Energy:  -836.573621 eV

# Atomic Orbital Occupations
;        s      px      py      pz    dx2-y2    dz2     dxy     dxz     dyz
1 N  1.3646  0.8553  1.1001  1.2268  0.0000  0.0000  0.0000  0.0000  0.0000 
2 C  1.7947  0.2675  0.3823  0.4635  0.0000  0.0000  0.0000  0.0000  0.0000 
3 C  0.9352  0.6641  0.6124  0.5945  0.0000  0.0000  0.0000  0.0000  0.0000 
4 C  1.1378  0.6235  0.5430  0.3381  0.0000  0.0000  0.0000  0.0000  0.0000 
5 C  1.3799  0.5813  0.3198  0.4590  0.0000  0.0000  0.0000  0.0000  0.0000 
6 N  1.8772  1.5779  1.7399  1.3859  0.0000  0.0000  0.0000  0.0000  0.0000 
7 C  1.3886  0.7299  0.4279  0.6313  0.0000  0.0000  0.0000  0.0000  0.0000 
8 N  1.5451  1.3096  1.4419  1.3393  0.0000  0.0000  0.0000  0.0000  0.0000 
9 N  1.9973  1.9641  1.9625  1.8927  0.0000  0.0000  0.0000  0.0000  0.0000 
10 H  0.7453  0.0000  0.0000  0.0000  0.0000  0.0000  0.0000  0.0000  0.0000 
11 H  1.4390  0.0000  0.0000  0.0000  0.0000  0.0000  0.0000  0.0000  0.0000 
12 H  1.9989  0.0000  0.0000  0.0000  0.0000  0.0000  0.0000  0.0000  0.0000 
13 H  1.9392  0.0000  0.0000  0.0000  0.0000  0.0000  0.0000  0.0000  0.0000 
14 H  0.6855  0.0000  0.0000  0.0000  0.0000  0.0000  0.0000  0.0000  0.0000 
15 H  0.5978  0.0000  0.0000  0.0000  0.0000  0.0000  0.0000  0.0000  0.0000 
16 H  0.7401  0.0000  0.0000  0.0000  0.0000  0.0000  0.0000  0.0000  0.0000 

# AVERAGE NET CHARGES
1 N 0.453211
2 C 1.091993
3 C 1.193888
4 C 1.357526
5 C 1.260058
6 N -1.580901
7 C 0.822316
8 N -0.635820
9 N -2.816556
10 H 0.254746
11 H -0.439037
12 H -0.998874
13 H -0.939203
14 H 0.314516
15 H 0.402216
16 H 0.259920
There are a total of 47.000000 electrons.
Done!
